2024-03-13 18:57:10 [background-preinit] INFO   o.h.validator.internal.util.Version - HV000001: Hibernate Validator 8.0.1.Final
2024-03-13 18:57:10 [main] INFO   e.a.c.server.ConfigServerApplication - Starting ConfigServerApplication using Java 21.0.2 with PID 3687 (/Users/alejandrosanchez/Documents/Programacion/Java/curso-ms-event-stream/twitter-streams/config-server/target/classes started by alejandrosanchez in /Users/alejandrosanchez/Documents/Programacion/Java/curso-ms-event-stream/twitter-streams)
2024-03-13 18:57:10 [main] INFO   e.a.c.server.ConfigServerApplication - No active profile set, falling back to 1 default profile: "default"
2024-03-13 18:57:11 [main] INFO   o.s.cloud.context.scope.GenericScope - BeanFactory id=ee605d2e-acb1-3366-8dc9-12155f808807
2024-03-13 18:57:11 [main] INFO   o.s.b.w.e.tomcat.TomcatWebServer - Tomcat initialized with port 8888 (http)
2024-03-13 18:57:11 [main] INFO   o.a.coyote.http11.Http11NioProtocol - Initializing ProtocolHandler ["http-nio-8888"]
2024-03-13 18:57:11 [main] INFO   o.a.catalina.core.StandardService - Starting service [Tomcat]
2024-03-13 18:57:11 [main] INFO   o.apache.catalina.core.StandardEngine - Starting Servlet engine: [Apache Tomcat/10.1.18]
2024-03-13 18:57:11 [main] INFO   o.a.c.c.C.[Tomcat].[localhost].[/] - Initializing Spring embedded WebApplicationContext
2024-03-13 18:57:11 [main] INFO   o.s.b.w.s.c.ServletWebServerApplicationContext - Root WebApplicationContext: initialization completed in 544 ms
2024-03-13 18:57:11 [main] INFO   o.a.coyote.http11.Http11NioProtocol - Starting ProtocolHandler ["http-nio-8888"]
2024-03-13 18:57:11 [main] INFO   o.s.b.w.e.tomcat.TomcatWebServer - Tomcat started on port 8888 (http) with context path ''
2024-03-13 18:57:11 [main] INFO   e.a.c.server.ConfigServerApplication - Started ConfigServerApplication in 1.153 seconds (process running for 1.511)
2024-03-13 19:01:18 [http-nio-8888-exec-1] INFO   o.a.c.c.C.[Tomcat].[localhost].[/] - Initializing Spring DispatcherServlet 'dispatcherServlet'
2024-03-13 19:01:18 [http-nio-8888-exec-1] INFO   o.s.web.servlet.DispatcherServlet - Initializing Servlet 'dispatcherServlet'
2024-03-13 19:01:18 [http-nio-8888-exec-1] INFO   o.s.web.servlet.DispatcherServlet - Completed initialization in 1 ms
2024-03-13 19:01:18 [http-nio-8888-exec-1] WARN   o.s.c.c.s.e.MultipleJGitEnvironmentRepository - Could not merge remote for main remote: null
2024-03-13 19:01:18 [http-nio-8888-exec-1] INFO   o.s.c.c.s.e.NativeEnvironmentRepository - Adding property source: Config resource 'file [/Users/alejandrosanchez/Documents/Programacion/Java/curso-ms-event-stream/twitter-streams/config-server-directory/config-client.yml]' via location 'file:/Users/alejandrosanchez/Documents/Programacion/Java/curso-ms-event-stream/twitter-streams/config-server-directory/'
2024-03-13 19:03:29 [background-preinit] INFO   o.h.validator.internal.util.Version - HV000001: Hibernate Validator 8.0.1.Final
2024-03-13 19:03:29 [main] INFO   e.a.c.server.ConfigServerApplication - Starting ConfigServerApplication using Java 21.0.2 with PID 3967 (/Users/alejandrosanchez/Documents/Programacion/Java/curso-ms-event-stream/twitter-streams/config-server/target/classes started by alejandrosanchez in /Users/alejandrosanchez/Documents/Programacion/Java/curso-ms-event-stream/twitter-streams)
2024-03-13 19:03:29 [main] INFO   e.a.c.server.ConfigServerApplication - No active profile set, falling back to 1 default profile: "default"
2024-03-13 19:03:30 [main] INFO   o.s.cloud.context.scope.GenericScope - BeanFactory id=ee605d2e-acb1-3366-8dc9-12155f808807
2024-03-13 19:03:30 [main] INFO   o.s.b.w.e.tomcat.TomcatWebServer - Tomcat initialized with port 8888 (http)
2024-03-13 19:03:30 [main] INFO   o.a.coyote.http11.Http11NioProtocol - Initializing ProtocolHandler ["http-nio-8888"]
2024-03-13 19:03:30 [main] INFO   o.a.catalina.core.StandardService - Starting service [Tomcat]
2024-03-13 19:03:30 [main] INFO   o.apache.catalina.core.StandardEngine - Starting Servlet engine: [Apache Tomcat/10.1.18]
2024-03-13 19:03:30 [main] INFO   o.a.c.c.C.[Tomcat].[localhost].[/] - Initializing Spring embedded WebApplicationContext
2024-03-13 19:03:30 [main] INFO   o.s.b.w.s.c.ServletWebServerApplicationContext - Root WebApplicationContext: initialization completed in 535 ms
2024-03-13 19:03:30 [main] INFO   o.a.coyote.http11.Http11NioProtocol - Starting ProtocolHandler ["http-nio-8888"]
2024-03-13 19:03:30 [main] INFO   o.s.b.w.e.tomcat.TomcatWebServer - Tomcat started on port 8888 (http) with context path ''
2024-03-13 19:03:30 [main] INFO   e.a.c.server.ConfigServerApplication - Started ConfigServerApplication in 1.158 seconds (process running for 1.5)
2024-03-13 19:03:37 [http-nio-8888-exec-1] INFO   o.a.c.c.C.[Tomcat].[localhost].[/] - Initializing Spring DispatcherServlet 'dispatcherServlet'
2024-03-13 19:03:37 [http-nio-8888-exec-1] INFO   o.s.web.servlet.DispatcherServlet - Initializing Servlet 'dispatcherServlet'
2024-03-13 19:03:37 [http-nio-8888-exec-1] INFO   o.s.web.servlet.DispatcherServlet - Completed initialization in 1 ms
2024-03-13 19:03:37 [http-nio-8888-exec-1] WARN   o.s.c.c.s.e.MultipleJGitEnvironmentRepository - Could not merge remote for main remote: null
2024-03-13 19:03:37 [http-nio-8888-exec-1] INFO   o.s.c.c.s.e.NativeEnvironmentRepository - Adding property source: Config resource 'file [/Users/alejandrosanchez/Documents/Programacion/Java/curso-ms-event-stream/twitter-streams/config-server-directory/twitter-to-kafka-service.yml]' via location 'file:/Users/alejandrosanchez/Documents/Programacion/Java/curso-ms-event-stream/twitter-streams/config-server-directory/'
2024-03-13 19:03:37 [http-nio-8888-exec-1] INFO   o.s.c.c.s.e.NativeEnvironmentRepository - Adding property source: Config resource 'file [/Users/alejandrosanchez/Documents/Programacion/Java/curso-ms-event-stream/twitter-streams/config-server-directory/application.yml]' via location 'file:/Users/alejandrosanchez/Documents/Programacion/Java/curso-ms-event-stream/twitter-streams/config-server-directory/'
2024-03-13 19:05:33 [http-nio-8888-exec-8] WARN   o.s.c.c.s.e.MultipleJGitEnvironmentRepository - Could not merge remote for main remote: null
2024-03-13 19:05:33 [http-nio-8888-exec-8] INFO   o.s.c.c.s.e.NativeEnvironmentRepository - Adding property source: Config resource 'file [/Users/alejandrosanchez/Documents/Programacion/Java/curso-ms-event-stream/twitter-streams/config-server-directory/twitter-to-kafka-service.yml]' via location 'file:/Users/alejandrosanchez/Documents/Programacion/Java/curso-ms-event-stream/twitter-streams/config-server-directory/'
2024-03-13 19:05:33 [http-nio-8888-exec-8] INFO   o.s.c.c.s.e.NativeEnvironmentRepository - Adding property source: Config resource 'file [/Users/alejandrosanchez/Documents/Programacion/Java/curso-ms-event-stream/twitter-streams/config-server-directory/application.yml]' via location 'file:/Users/alejandrosanchez/Documents/Programacion/Java/curso-ms-event-stream/twitter-streams/config-server-directory/'
2024-03-13 19:06:00 [http-nio-8888-exec-9] WARN   o.s.c.c.s.e.MultipleJGitEnvironmentRepository - Could not merge remote for main remote: null
2024-03-13 19:06:00 [http-nio-8888-exec-9] INFO   o.s.c.c.s.e.NativeEnvironmentRepository - Adding property source: Config resource 'file [/Users/alejandrosanchez/Documents/Programacion/Java/curso-ms-event-stream/twitter-streams/config-server-directory/twitter-to-kafka-service.yml]' via location 'file:/Users/alejandrosanchez/Documents/Programacion/Java/curso-ms-event-stream/twitter-streams/config-server-directory/'
2024-03-13 19:06:00 [http-nio-8888-exec-9] INFO   o.s.c.c.s.e.NativeEnvironmentRepository - Adding property source: Config resource 'file [/Users/alejandrosanchez/Documents/Programacion/Java/curso-ms-event-stream/twitter-streams/config-server-directory/application.yml]' via location 'file:/Users/alejandrosanchez/Documents/Programacion/Java/curso-ms-event-stream/twitter-streams/config-server-directory/'
